diary-app/app/build/intermediates/manifest_merge_blame_file/debug/processDebugMainManifest/manifest-merger-blame-debug-report.txt
1<?xml version="1.0" encoding="utf-8"?>
2<manifest xmlns:android="http://schemas.android.com/apk/res/android"
3    package="com.example.diaryapp"
4    android:versionCode="1"
5    android:versionName="0.1.0" >
6
7    <uses-sdk
7-->INJECTED
8        android:minSdkVersion="26"
8-->INJECTED
9        android:targetSdkVersion="35" />
9-->INJECTED
10
11    <uses-permission android:name="android.permission.INTERNET" />
11-->src\main\AndroidManifest.xml:5:5-67
11-->src\main\AndroidManifest.xml:5:22-64
12    <uses-permission android:name="android.permission.USE_BIOMETRIC" />
12-->src\main\AndroidManifest.xml:6:5-72
12-->src\main\AndroidManifest.xml:6:22-69
13    <uses-permission android:name="android.permission.CAMERA" />
13-->src\main\AndroidManifest.xml:7:5-65
13-->src\main\AndroidManifest.xml:7:22-62
14    <uses-permission android:name="android.permission.POST_NOTIFICATIONS" />
14-->src\main\AndroidManifest.xml:8:5-77
14-->src\main\AndroidManifest.xml:8:22-74
15    <uses-permission android:name="android.permission.RECEIVE_BOOT_COMPLETED" />
15-->src\main\AndroidManifest.xml:9:5-81
15-->src\main\AndroidManifest.xml:9:22-78
16
17    <!-- suppress DeprecatedClassUsageInspection -->
18    <uses-permission android:name="android.permission.USE_FINGERPRINT" />
18-->[androidx.biometric:biometric:1.1.0] AndroidManifest.xml:27:5-74
18-->[androidx.biometric:biometric:1.1.0] AndroidManifest.xml:27:22-71
19    <uses-permission android:name="android.permission.WAKE_LOCK" />
19-->[androidx.work:work-runtime:2.9.0] AndroidManifest.xml:23:5-68
19-->[androidx.work:work-runtime:2.9.0] AndroidManifest.xml:23:22-65
20    <uses-permission android:name="android.permission.ACCESS_NETWORK_STATE" />
20-->[androidx.work:work-runtime:2.9.0] AndroidManifest.xml:24:5-79
20-->[androidx.work:work-runtime:2.9.0] AndroidManifest.xml:24:22-76
21    <uses-permission android:name="android.permission.FOREGROUND_SERVICE" />
21-->[androidx.work:work-runtime:2.9.0] AndroidManifest.xml:26:5-77
21-->[androidx.work:work-runtime:2.9.0] AndroidManifest.xml:26:22-74
22    <uses-permission android:name="com.google.android.providers.gsf.permission.READ_GSERVICES" />
22-->[com.google.android.recaptcha:recaptcha:18.4.0] AndroidManifest.xml:9:5-98
22-->[com.google.android.recaptcha:recaptcha:18.4.0] AndroidManifest.xml:9:22-95
23
24    <permission
24-->[androidx.core:core:1.13.1] AndroidManifest.xml:22:5-24:47
25        android:name="com.example.diaryapp.DYNAMIC_RECEIVER_NOT_EXPORTED_PERMISSION"
25-->[androidx.core:core:1.13.1] AndroidManifest.xml:23:9-81
26        android:protectionLevel="signature" />
26-->[androidx.core:core:1.13.1] AndroidManifest.xml:24:9-44
27
28    <uses-permission android:name="com.example.diaryapp.DYNAMIC_RECEIVER_NOT_EXPORTED_PERMISSION" />
28-->[androidx.core:core:1.13.1] AndroidManifest.xml:26:5-97
28-->[androidx.core:core:1.13.1] AndroidManifest.xml:26:22-94
29
30    <application
30-->src\main\AndroidManifest.xml:11:5-51:19
31        android:name="com.example.diaryapp.DiaryApp"
31-->src\main\AndroidManifest.xml:12:9-33
32        android:allowBackup="true"
32-->src\main\AndroidManifest.xml:13:9-35
33        android:appComponentFactory="androidx.core.app.CoreComponentFactory"
33-->[androidx.core:core:1.13.1] AndroidManifest.xml:28:18-86
34        android:debuggable="true"
35        android:extractNativeLibs="false"
35-->INJECTED
36        android:icon="@mipmap/ic_launcher"
36-->src\main\AndroidManifest.xml:14:9-43
37        android:label="@string/app_name"
37-->src\main\AndroidManifest.xml:15:9-41
38        android:roundIcon="@mipmap/ic_launcher_round"
38-->src\main\AndroidManifest.xml:16:9-54
39        android:supportsRtl="true"
39-->src\main\AndroidManifest.xml:17:9-35
40        android:theme="@style/Theme.DiaryApp" >
40-->src\main\AndroidManifest.xml:18:9-46
41        <activity
41-->src\main\AndroidManifest.xml:20:9-28:20
42            android:name="com.example.diaryapp.MainActivity"
42-->src\main\AndroidManifest.xml:21:13-41
43            android:exported="true"
43-->src\main\AndroidManifest.xml:22:13-36
44            android:theme="@style/Theme.DiaryApp" >
44-->src\main\AndroidManifest.xml:23:13-50
45            <intent-filter>
45-->src\main\AndroidManifest.xml:24:13-27:29
46                <action android:name="android.intent.action.MAIN" />
46-->src\main\AndroidManifest.xml:25:17-69
46-->src\main\AndroidManifest.xml:25:25-66
47
48                <category android:name="android.intent.category.LAUNCHER" />
48-->src\main\AndroidManifest.xml:26:17-77
48-->src\main\AndroidManifest.xml:26:27-74
49            </intent-filter>
50        </activity>
51
52        <provider
52-->INJECTED
53            android:name="androidx.core.content.FileProvider"
53-->src\main\AndroidManifest.xml:31:13-62
54            android:authorities="com.example.diaryapp.fileprovider"
54-->INJECTED
55            android:exported="false"
55-->src\main\AndroidManifest.xml:33:13-37
56            android:grantUriPermissions="true" >
56-->src\main\AndroidManifest.xml:34:13-47
57            <meta-data
57-->src\main\AndroidManifest.xml:35:13-37:54
58                android:name="android.support.FILE_PROVIDER_PATHS"
58-->src\main\AndroidManifest.xml:36:17-67
59                android:resource="@xml/file_paths" />
59-->src\main\AndroidManifest.xml:37:17-51
60        </provider>
61        <provider
61-->INJECTED
62            android:name="androidx.startup.InitializationProvider"
62-->src\main\AndroidManifest.xml:41:13-67
63            android:authorities="com.example.diaryapp.androidx-startup"
63-->INJECTED
64            android:exported="false" >
64-->src\main\AndroidManifest.xml:43:13-37
65            <meta-data
65-->[androidx.emoji2:emoji2:1.3.0] AndroidManifest.xml:29:13-31:52
66                android:name="androidx.emoji2.text.EmojiCompatInitializer"
66-->[androidx.emoji2:emoji2:1.3.0] AndroidManifest.xml:30:17-75
67                android:value="androidx.startup" />
67-->[androidx.emoji2:emoji2:1.3.0] AndroidManifest.xml:31:17-49
68            <meta-data
68-->[androidx.lifecycle:lifecycle-process:2.8.2] AndroidManifest.xml:29:13-31:52
69                android:name="androidx.lifecycle.ProcessLifecycleInitializer"
69-->[androidx.lifecycle:lifecycle-process:2.8.2] AndroidManifest.xml:30:17-78
70                android:value="androidx.startup" />
70-->[androidx.lifecycle:lifecycle-process:2.8.2] AndroidManifest.xml:31:17-49
71            <meta-data
71-->[androidx.profileinstaller:profileinstaller:1.3.1] AndroidManifest.xml:29:13-31:52
72                android:name="androidx.profileinstaller.ProfileInstallerInitializer"
72-->[androidx.profileinstaller:profileinstaller:1.3.1] AndroidManifest.xml:30:17-85
73                android:value="androidx.startup" />
73-->[androidx.profileinstaller:profileinstaller:1.3.1] AndroidManifest.xml:31:17-49
74        </provider>
75
76        <service
76-->[androidx.work:work-runtime:2.9.0] AndroidManifest.xml:39:9-45:35
77            android:name="androidx.work.impl.background.systemalarm.SystemAlarmService"
77-->[androidx.work:work-runtime:2.9.0] AndroidManifest.xml:40:13-88
78            android:directBootAware="false"
78-->[androidx.work:work-runtime:2.9.0] AndroidManifest.xml:41:13-44
79            android:enabled="@bool/enable_system_alarm_service_default"
79-->[androidx.work:work-runtime:2.9.0] AndroidManifest.xml:42:13-72
80            android:exported="false" />
80-->[androidx.work:work-runtime:2.9.0] AndroidManifest.xml:43:13-37
81        <service
81-->[androidx.work:work-runtime:2.9.0] AndroidManifest.xml:46:9-52:35
82            android:name="androidx.work.impl.background.systemjob.SystemJobService"
82-->[androidx.work:work-runtime:2.9.0] AndroidManifest.xml:47:13-84
83            android:directBootAware="false"
83-->[androidx.work:work-runtime:2.9.0] AndroidManifest.xml:48:13-44
84            android:enabled="@bool/enable_system_job_service_default"
84-->[androidx.work:work-runtime:2.9.0] AndroidManifest.xml:49:13-70
85            android:exported="true"
85-->[androidx.work:work-runtime:2.9.0] AndroidManifest.xml:50:13-36
86            android:permission="android.permission.BIND_JOB_SERVICE" />
86-->[androidx.work:work-runtime:2.9.0] AndroidManifest.xml:51:13-69
87        <service
87-->[androidx.work:work-runtime:2.9.0] AndroidManifest.xml:53:9-59:35
88            android:name="androidx.work.impl.foreground.SystemForegroundService"
88-->[androidx.work:work-runtime:2.9.0] AndroidManifest.xml:54:13-81
89            android:directBootAware="false"
89-->[androidx.work:work-runtime:2.9.0] AndroidManifest.xml:55:13-44
90            android:enabled="@bool/enable_system_foreground_service_default"
90-->[androidx.work:work-runtime:2.9.0] AndroidManifest.xml:56:13-77
91            android:exported="false" />
91-->[androidx.work:work-runtime:2.9.0] AndroidManifest.xml:57:13-37
92
93        <receiver
93-->[androidx.work:work-runtime:2.9.0] AndroidManifest.xml:61:9-66:35
94            android:name="androidx.work.impl.utils.ForceStopRunnable$BroadcastReceiver"
94-->[androidx.work:work-runtime:2.9.0] AndroidManifest.xml:62:13-88
95            android:directBootAware="false"
95-->[androidx.work:work-runtime:2.9.0] AndroidManifest.xml:63:13-44
96            android:enabled="true"
96-->[androidx.work:work-runtime:2.9.0] AndroidManifest.xml:64:13-35
97            android:exported="false" />
97-->[androidx.work:work-runtime:2.9.0] AndroidManifest.xml:65:13-37
98        <receiver
98-->[androidx.work:work-runtime:2.9.0] AndroidManifest.xml:67:9-77:20
99            android:name="androidx.work.impl.background.systemalarm.ConstraintProxy$BatteryChargingProxy"
99-->[androidx.work:work-runtime:2.9.0] AndroidManifest.xml:68:13-106
100            android:directBootAware="false"
100-->[androidx.work:work-runtime:2.9.0] AndroidManifest.xml:69:13-44
101            android:enabled="false"
101-->[androidx.work:work-runtime:2.9.0] AndroidManifest.xml:70:13-36
102            android:exported="false" >
102-->[androidx.work:work-runtime:2.9.0] AndroidManifest.xml:71:13-37
103            <intent-filter>
103-->[androidx.work:work-runtime:2.9.0] AndroidManifest.xml:73:13-76:29
104                <action android:name="android.intent.action.ACTION_POWER_CONNECTED" />
104-->[androidx.work:work-runtime:2.9.0] AndroidManifest.xml:74:17-87
104-->[androidx.work:work-runtime:2.9.0] AndroidManifest.xml:74:25-84
105                <action android:name="android.intent.action.ACTION_POWER_DISCONNECTED" />
105-->[androidx.work:work-runtime:2.9.0] AndroidManifest.xml:75:17-90
105-->[androidx.work:work-runtime:2.9.0] AndroidManifest.xml:75:25-87
106            </intent-filter>
107        </receiver>
108        <receiver
108-->[androidx.work:work-runtime:2.9.0] AndroidManifest.xml:78:9-88:20
109            android:name="androidx.work.impl.background.systemalarm.ConstraintProxy$BatteryNotLowProxy"
109-->[androidx.work:work-runtime:2.9.0] AndroidManifest.xml:79:13-104
110            android:directBootAware="false"
110-->[androidx.work:work-runtime:2.9.0] AndroidManifest.xml:80:13-44
111            android:enabled="false"
111-->[androidx.work:work-runtime:2.9.0] AndroidManifest.xml:81:13-36
112            android:exported="false" >
112-->[androidx.work:work-runtime:2.9.0] AndroidManifest.xml:82:13-37
113            <intent-filter>
113-->[androidx.work:work-runtime:2.9.0] AndroidManifest.xml:84:13-87:29
114                <action android:name="android.intent.action.BATTERY_OKAY" />
114-->[androidx.work:work-runtime:2.9.0] AndroidManifest.xml:85:17-77
114-->[androidx.work:work-runtime:2.9.0] AndroidManifest.xml:85:25-74
115                <action android:name="android.intent.action.BATTERY_LOW" />
115-->[androidx.work:work-runtime:2.9.0] AndroidManifest.xml:86:17-76
115-->[androidx.work:work-runtime:2.9.0] AndroidManifest.xml:86:25-73
116            </intent-filter>
117        </receiver>
118        <receiver
118-->[androidx.work:work-runtime:2.9.0] AndroidManifest.xml:89:9-99:20
119            android:name="androidx.work.impl.background.systemalarm.ConstraintProxy$StorageNotLowProxy"
119-->[androidx.work:work-runtime:2.9.0] AndroidManifest.xml:90:13-104
120            android:directBootAware="false"
120-->[androidx.work:work-runtime:2.9.0] AndroidManifest.xml:91:13-44
121            android:enabled="false"
121-->[androidx.work:work-runtime:2.9.0] AndroidManifest.xml:92:13-36
122            android:exported="false" >
122-->[androidx.work:work-runtime:2.9.0] AndroidManifest.xml:93:13-37
123            <intent-filter>
123-->[androidx.work:work-runtime:2.9.0] AndroidManifest.xml:95:13-98:29
124                <action android:name="android.intent.action.DEVICE_STORAGE_LOW" />
124-->[androidx.work:work-runtime:2.9.0] AndroidManifest.xml:96:17-83
124-->[androidx.work:work-runtime:2.9.0] AndroidManifest.xml:96:25-80
125                <action android:name="android.intent.action.DEVICE_STORAGE_OK" />
125-->[androidx.work:work-runtime:2.9.0] AndroidManifest.xml:97:17-82
125-->[androidx.work:work-runtime:2.9.0] AndroidManifest.xml:97:25-79
126            </intent-filter>
127        </receiver>
128        <receiver
128-->[androidx.work:work-runtime:2.9.0] AndroidManifest.xml:100:9-109:20
129            android:name="androidx.work.impl.background.systemalarm.ConstraintProxy$NetworkStateProxy"
129-->[androidx.work:work-runtime:2.9.0] AndroidManifest.xml:101:13-103
130            android:directBootAware="false"
130-->[androidx.work:work-runtime:2.9.0] AndroidManifest.xml:102:13-44
131            android:enabled="false"
131-->[androidx.work:work-runtime:2.9.0] AndroidManifest.xml:103:13-36
132            android:exported="false" >
132-->[androidx.work:work-runtime:2.9.0] AndroidManifest.xml:104:13-37
133            <intent-filter>
133-->[androidx.work:work-runtime:2.9.0] AndroidManifest.xml:106:13-108:29
134                <action android:name="android.net.conn.CONNECTIVITY_CHANGE" />
134-->[androidx.work:work-runtime:2.9.0] AndroidManifest.xml:107:17-79
134-->[androidx.work:work-runtime:2.9.0] AndroidManifest.xml:107:25-76
135            </intent-filter>
136        </receiver>
137        <receiver
137-->[androidx.work:work-runtime:2.9.0] AndroidManifest.xml:110:9-121:20
138            android:name="androidx.work.impl.background.systemalarm.RescheduleReceiver"
138-->[androidx.work:work-runtime:2.9.0] AndroidManifest.xml:111:13-88
139            android:directBootAware="false"
139-->[androidx.work:work-runtime:2.9.0] AndroidManifest.xml:112:13-44
140            android:enabled="false"
140-->[androidx.work:work-runtime:2.9.0] AndroidManifest.xml:113:13-36
141            android:exported="false" >
141-->[androidx.work:work-runtime:2.9.0] AndroidManifest.xml:114:13-37
142            <intent-filter>
142-->[androidx.work:work-runtime:2.9.0] AndroidManifest.xml:116:13-120:29
143                <action android:name="android.intent.action.BOOT_COMPLETED" />
143-->[androidx.work:work-runtime:2.9.0] AndroidManifest.xml:117:17-79
143-->[androidx.work:work-runtime:2.9.0] AndroidManifest.xml:117:25-76
144                <action android:name="android.intent.action.TIME_SET" />
144-->[androidx.work:work-runtime:2.9.0] AndroidManifest.xml:118:17-73
144-->[androidx.work:work-runtime:2.9.0] AndroidManifest.xml:118:25-70
145                <action android:name="android.intent.action.TIMEZONE_CHANGED" />
145-->[androidx.work:work-runtime:2.9.0] AndroidManifest.xml:119:17-81
145-->[androidx.work:work-runtime:2.9.0] AndroidManifest.xml:119:25-78
146            </intent-filter>
147        </receiver>
148        <receiver
148-->[androidx.work:work-runtime:2.9.0] AndroidManifest.xml:122:9-131:20
149            android:name="androidx.work.impl.background.systemalarm.ConstraintProxyUpdateReceiver"
149-->[androidx.work:work-runtime:2.9.0] AndroidManifest.xml:123:13-99
150            android:directBootAware="false"
150-->[androidx.work:work-runtime:2.9.0] AndroidManifest.xml:124:13-44
151            android:enabled="@bool/enable_system_alarm_service_default"
151-->[androidx.work:work-runtime:2.9.0] AndroidManifest.xml:125:13-72
152            android:exported="false" >
152-->[androidx.work:work-runtime:2.9.0] AndroidManifest.xml:126:13-37
153            <intent-filter>
153-->[androidx.work:work-runtime:2.9.0] AndroidManifest.xml:128:13-130:29
154                <action android:name="androidx.work.impl.background.systemalarm.UpdateProxies" />
154-->[androidx.work:work-runtime:2.9.0] AndroidManifest.xml:129:17-98
154-->[androidx.work:work-runtime:2.9.0] AndroidManifest.xml:129:25-95
155            </intent-filter>
156        </receiver>
157        <receiver
157-->[androidx.work:work-runtime:2.9.0] AndroidManifest.xml:132:9-142:20
158            android:name="androidx.work.impl.diagnostics.DiagnosticsReceiver"
158-->[androidx.work:work-runtime:2.9.0] AndroidManifest.xml:133:13-78
159            android:directBootAware="false"
159-->[androidx.work:work-runtime:2.9.0] AndroidManifest.xml:134:13-44
160            android:enabled="true"
160-->[androidx.work:work-runtime:2.9.0] AndroidManifest.xml:135:13-35
161            android:exported="true"
161-->[androidx.work:work-runtime:2.9.0] AndroidManifest.xml:136:13-36
162            android:permission="android.permission.DUMP" >
162-->[androidx.work:work-runtime:2.9.0] AndroidManifest.xml:137:13-57
163            <intent-filter>
163-->[androidx.work:work-runtime:2.9.0] AndroidManifest.xml:139:13-141:29
164                <action android:name="androidx.work.diagnostics.REQUEST_DIAGNOSTICS" />
164-->[androidx.work:work-runtime:2.9.0] AndroidManifest.xml:140:17-88
164-->[androidx.work:work-runtime:2.9.0] AndroidManifest.xml:140:25-85
165            </intent-filter>
166        </receiver>
167
168        <service
168-->[com.google.firebase:firebase-auth-ktx:23.0.0] AndroidManifest.xml:8:9-14:19
169            android:name="com.google.firebase.components.ComponentDiscoveryService"
169-->[com.google.firebase:firebase-auth-ktx:23.0.0] AndroidManifest.xml:9:13-84
170            android:directBootAware="true"
170-->[com.google.firebase:firebase-common:21.0.0] AndroidManifest.xml:32:13-43
171            android:exported="false" >
171-->[com.google.firebase:firebase-auth-ktx:23.0.0] AndroidManifest.xml:10:13-37
172            <meta-data
172-->[com.google.firebase:firebase-auth-ktx:23.0.0] AndroidManifest.xml:11:13-13:85
173                android:name="com.google.firebase.components:com.google.firebase.auth.ktx.FirebaseAuthLegacyRegistrar"
173-->[com.google.firebase:firebase-auth-ktx:23.0.0] AndroidManifest.xml:12:17-119
174                android:value="com.google.firebase.components.ComponentRegistrar" />
174-->[com.google.firebase:firebase-auth-ktx:23.0.0] AndroidManifest.xml:13:17-82
175            <meta-data
175-->[com.google.firebase:firebase-auth:23.0.0] AndroidManifest.xml:69:13-71:85
176                android:name="com.google.firebase.components:com.google.firebase.auth.FirebaseAuthRegistrar"
176-->[com.google.firebase:firebase-auth:23.0.0] AndroidManifest.xml:70:17-109
177                android:value="com.google.firebase.components.ComponentRegistrar" />
177-->[com.google.firebase:firebase-auth:23.0.0] AndroidManifest.xml:71:17-82
178            <meta-data
178-->[com.google.firebase:firebase-storage-ktx:21.0.0] AndroidManifest.xml:12:13-14:85
179                android:name="com.google.firebase.components:com.google.firebase.storage.ktx.FirebaseStorageLegacyRegistrar"
179-->[com.google.firebase:firebase-storage-ktx:21.0.0] AndroidManifest.xml:13:17-125
180                android:value="com.google.firebase.components.ComponentRegistrar" />
180-->[com.google.firebase:firebase-storage-ktx:21.0.0] AndroidManifest.xml:14:17-82
181            <meta-data
181-->[com.google.firebase:firebase-firestore-ktx:25.0.0] AndroidManifest.xml:12:13-14:85
182                android:name="com.google.firebase.components:com.google.firebase.firestore.ktx.FirebaseFirestoreLegacyRegistrar"
182-->[com.google.firebase:firebase-firestore-ktx:25.0.0] AndroidManifest.xml:13:17-129
183                android:value="com.google.firebase.components.ComponentRegistrar" />
183-->[com.google.firebase:firebase-firestore-ktx:25.0.0] AndroidManifest.xml:14:17-82
184            <meta-data
184-->[com.google.firebase:firebase-storage:21.0.0] AndroidManifest.xml:30:13-32:85
185                android:name="com.google.firebase.components:com.google.firebase.storage.FirebaseStorageKtxRegistrar"
185-->[com.google.firebase:firebase-storage:21.0.0] AndroidManifest.xml:31:17-118
186                android:value="com.google.firebase.components.ComponentRegistrar" />
186-->[com.google.firebase:firebase-storage:21.0.0] AndroidManifest.xml:32:17-82
187            <meta-data
187-->[com.google.firebase:firebase-storage:21.0.0] AndroidManifest.xml:33:13-35:85
188                android:name="com.google.firebase.components:com.google.firebase.storage.StorageRegistrar"
188-->[com.google.firebase:firebase-storage:21.0.0] AndroidManifest.xml:34:17-107
189                android:value="com.google.firebase.components.ComponentRegistrar" />
189-->[com.google.firebase:firebase-storage:21.0.0] AndroidManifest.xml:35:17-82
190            <meta-data
190-->[com.google.firebase:firebase-firestore:25.0.0] AndroidManifest.xml:17:13-19:85
191                android:name="com.google.firebase.components:com.google.firebase.firestore.FirebaseFirestoreKtxRegistrar"
191-->[com.google.firebase:firebase-firestore:25.0.0] AndroidManifest.xml:18:17-122
192                android:value="com.google.firebase.components.ComponentRegistrar" />
192-->[com.google.firebase:firebase-firestore:25.0.0] AndroidManifest.xml:19:17-82
193            <meta-data
193-->[com.google.firebase:firebase-firestore:25.0.0] AndroidManifest.xml:20:13-22:85
194                android:name="com.google.firebase.components:com.google.firebase.firestore.FirestoreRegistrar"
194-->[com.google.firebase:firebase-firestore:25.0.0] AndroidManifest.xml:21:17-111
195                android:value="com.google.firebase.components.ComponentRegistrar" />
195-->[com.google.firebase:firebase-firestore:25.0.0] AndroidManifest.xml:22:17-82
196            <meta-data
196-->[com.google.firebase:firebase-appcheck:18.0.0] AndroidManifest.xml:25:13-27:85
197                android:name="com.google.firebase.components:com.google.firebase.appcheck.FirebaseAppCheckKtxRegistrar"
197-->[com.google.firebase:firebase-appcheck:18.0.0] AndroidManifest.xml:26:17-120
198                android:value="com.google.firebase.components.ComponentRegistrar" />
198-->[com.google.firebase:firebase-appcheck:18.0.0] AndroidManifest.xml:27:17-82
199            <meta-data
199-->[com.google.firebase:firebase-appcheck:18.0.0] AndroidManifest.xml:28:13-30:85
200                android:name="com.google.firebase.components:com.google.firebase.appcheck.FirebaseAppCheckRegistrar"
200-->[com.google.firebase:firebase-appcheck:18.0.0] AndroidManifest.xml:29:17-117
201                android:value="com.google.firebase.components.ComponentRegistrar" />
201-->[com.google.firebase:firebase-appcheck:18.0.0] AndroidManifest.xml:30:17-82
202            <meta-data
202-->[com.google.firebase:firebase-common-ktx:21.0.0] AndroidManifest.xml:12:13-14:85
203                android:name="com.google.firebase.components:com.google.firebase.ktx.FirebaseCommonLegacyRegistrar"
203-->[com.google.firebase:firebase-common-ktx:21.0.0] AndroidManifest.xml:13:17-116
204                android:value="com.google.firebase.components.ComponentRegistrar" />
204-->[com.google.firebase:firebase-common-ktx:21.0.0] AndroidManifest.xml:14:17-82
205            <meta-data
205-->[com.google.firebase:firebase-common:21.0.0] AndroidManifest.xml:35:13-37:85
206                android:name="com.google.firebase.components:com.google.firebase.FirebaseCommonKtxRegistrar"
206-->[com.google.firebase:firebase-common:21.0.0] AndroidManifest.xml:36:17-109
207                android:value="com.google.firebase.components.ComponentRegistrar" />
207-->[com.google.firebase:firebase-common:21.0.0] AndroidManifest.xml:37:17-82
208        </service>
209
210        <activity
210-->[com.google.firebase:firebase-auth:23.0.0] AndroidManifest.xml:29:9-46:20
211            android:name="com.google.firebase.auth.internal.GenericIdpActivity"
211-->[com.google.firebase:firebase-auth:23.0.0] AndroidManifest.xml:30:13-80
212            android:excludeFromRecents="true"
212-->[com.google.firebase:firebase-auth:23.0.0] AndroidManifest.xml:31:13-46
213            android:exported="true"
213-->[com.google.firebase:firebase-auth:23.0.0] AndroidManifest.xml:32:13-36
214            android:launchMode="singleTask"
214-->[com.google.firebase:firebase-auth:23.0.0] AndroidManifest.xml:33:13-44
215            android:theme="@android:style/Theme.Translucent.NoTitleBar" >
215-->[com.google.firebase:firebase-auth:23.0.0] AndroidManifest.xml:34:13-72
216            <intent-filter>
216-->[com.google.firebase:firebase-auth:23.0.0] AndroidManifest.xml:35:13-45:29
217                <action android:name="android.intent.action.VIEW" />
217-->[com.google.firebase:firebase-auth:23.0.0] AndroidManifest.xml:36:17-69
217-->[com.google.firebase:firebase-auth:23.0.0] AndroidManifest.xml:36:25-66
218
219                <category android:name="android.intent.category.DEFAULT" />
219-->[com.google.firebase:firebase-auth:23.0.0] AndroidManifest.xml:38:17-76
219-->[com.google.firebase:firebase-auth:23.0.0] AndroidManifest.xml:38:27-73
220                <category android:name="android.intent.category.BROWSABLE" />
220-->[com.google.firebase:firebase-auth:23.0.0] AndroidManifest.xml:39:17-78
220-->[com.google.firebase:firebase-auth:23.0.0] AndroidManifest.xml:39:27-75
221
222                <data
222-->[com.google.firebase:firebase-auth:23.0.0] AndroidManifest.xml:41:17-44:51
223                    android:host="firebase.auth"
223-->[com.google.firebase:firebase-auth:23.0.0] AndroidManifest.xml:42:21-49
224                    android:path="/"
224-->[com.google.firebase:firebase-auth:23.0.0] AndroidManifest.xml:43:21-37
225                    android:scheme="genericidp" />
225-->[com.google.firebase:firebase-auth:23.0.0] AndroidManifest.xml:44:21-48
226            </intent-filter>
227        </activity>
228        <activity
228-->[com.google.firebase:firebase-auth:23.0.0] AndroidManifest.xml:47:9-64:20
229            android:name="com.google.firebase.auth.internal.RecaptchaActivity"
229-->[com.google.firebase:firebase-auth:23.0.0] AndroidManifest.xml:48:13-79
230            android:excludeFromRecents="true"
230-->[com.google.firebase:firebase-auth:23.0.0] AndroidManifest.xml:49:13-46
231            android:exported="true"
231-->[com.google.firebase:firebase-auth:23.0.0] AndroidManifest.xml:50:13-36
232            android:launchMode="singleTask"
232-->[com.google.firebase:firebase-auth:23.0.0] AndroidManifest.xml:51:13-44
233            android:theme="@android:style/Theme.Translucent.NoTitleBar" >
233-->[com.google.firebase:firebase-auth:23.0.0] AndroidManifest.xml:52:13-72
234            <intent-filter>
234-->[com.google.firebase:firebase-auth:23.0.0] AndroidManifest.xml:53:13-63:29
235                <action android:name="android.intent.action.VIEW" />
235-->[com.google.firebase:firebase-auth:23.0.0] AndroidManifest.xml:36:17-69
235-->[com.google.firebase:firebase-auth:23.0.0] AndroidManifest.xml:36:25-66
236
237                <category android:name="android.intent.category.DEFAULT" />
237-->[com.google.firebase:firebase-auth:23.0.0] AndroidManifest.xml:38:17-76
237-->[com.google.firebase:firebase-auth:23.0.0] AndroidManifest.xml:38:27-73
238                <category android:name="android.intent.category.BROWSABLE" />
238-->[com.google.firebase:firebase-auth:23.0.0] AndroidManifest.xml:39:17-78
238-->[com.google.firebase:firebase-auth:23.0.0] AndroidManifest.xml:39:27-75
239
240                <data
240-->[com.google.firebase:firebase-auth:23.0.0] AndroidManifest.xml:41:17-44:51
241                    android:host="firebase.auth"
241-->[com.google.firebase:firebase-auth:23.0.0] AndroidManifest.xml:42:21-49
242                    android:path="/"
242-->[com.google.firebase:firebase-auth:23.0.0] AndroidManifest.xml:43:21-37
243                    android:scheme="recaptcha" />
243-->[com.google.firebase:firebase-auth:23.0.0] AndroidManifest.xml:44:21-48
244            </intent-filter>
245        </activity>
246
247        <provider
247-->[com.google.firebase:firebase-common:21.0.0] AndroidManifest.xml:23:9-28:39
248            android:name="com.google.firebase.provider.FirebaseInitProvider"
248-->[com.google.firebase:firebase-common:21.0.0] AndroidManifest.xml:24:13-77
249            android:authorities="com.example.diaryapp.firebaseinitprovider"
249-->[com.google.firebase:firebase-common:21.0.0] AndroidManifest.xml:25:13-72
250            android:directBootAware="true"
250-->[com.google.firebase:firebase-common:21.0.0] AndroidManifest.xml:26:13-43
251            android:exported="false"
251-->[com.google.firebase:firebase-common:21.0.0] AndroidManifest.xml:27:13-37
252            android:initOrder="100" />
252-->[com.google.firebase:firebase-common:21.0.0] AndroidManifest.xml:28:13-36
253
254        <service
254-->[androidx.credentials:credentials-play-services-auth:1.2.0-rc01] AndroidManifest.xml:24:9-32:19
255            android:name="androidx.credentials.playservices.CredentialProviderMetadataHolder"
255-->[androidx.credentials:credentials-play-services-auth:1.2.0-rc01] AndroidManifest.xml:25:13-94
256            android:enabled="true"
256-->[androidx.credentials:credentials-play-services-auth:1.2.0-rc01] AndroidManifest.xml:26:13-35
257            android:exported="false" >
257-->[androidx.credentials:credentials-play-services-auth:1.2.0-rc01] AndroidManifest.xml:27:13-37
258            <meta-data
258-->[androidx.credentials:credentials-play-services-auth:1.2.0-rc01] AndroidManifest.xml:29:13-31:104
259                android:name="androidx.credentials.CREDENTIAL_PROVIDER_KEY"